<?xml version="1.0" encoding="UTF-8"?>
<testsuite name="NSLookUpTest" tests="4" skipped="0" failures="0" errors="0" timestamp="2015-12-06T11:18:37" hostname="Melvinui-MacBook-Pro.local" time="0.157">
  <properties/>
  <testcase name="nSLookUpTest" classname="NSLookUpTest" time="0.005"/>
  <testcase name="nSLookUpTest2" classname="NSLookUpTest" time="0.002"/>
  <testcase name="nSLookUpTest3" classname="NSLookUpTest" time="0.002"/>
  <testcase name="nSLookUpTest4" classname="NSLookUpTest" time="0.147"/>
  <system-out><![CDATA[=======================================
입력받은 HostName : c.pineone.net
입력받은 HostName 의 IP : 219.248.137.8
c.pineone.net
입력받은 HostName + IP : c.pineone.net/219.248.137.8
=======================================
=======================================
입력받은 HostName : www.google.co.kr
입력받은 HostName 의 IP : 59.18.49.119
www.google.co.kr
입력받은 HostName + IP : www.google.co.kr/59.18.49.119
=======================================
=======================================
입력받은 HostName : www.naver.com
입력받은 HostName 의 IP : 202.179.177.21
www.naver.com
입력받은 HostName + IP : www.naver.com/202.179.177.21
=======================================
=======================================
입력받은 HostName : 59.18.49.119
입력받은 HostName 의 IP : 59.18.49.119
59.18.49.119
입력받은 HostName + IP : 59.18.49.119/59.18.49.119
=======================================
]]></system-out>
  <system-err><![CDATA[]]></system-err>
</testsuite>
